# JRE version: OpenJDK Runtime Environment Temurin-21.0.10+7 (21.0.10+7) (build 21.0.10+7-LTS)
# Java VM: OpenJDK 64-Bit Server VM Temurin-21.0.10+7 (21.0.10+7-LTS, mixed mode, sharing, tiered, compressed oops, compressed class ptrs, parallel gc, windows-amd64)
GC Precious Log:
 CardTable entry size: 512
 CPUs: 16 total, 16 available
 Memory: 16109M
 Large Page Support: Disabled
 NUMA Support: Disabled
 Compressed Oops: Enabled (32-bit)
 Alignments: Space 512K, Generation 512K, Heap 2M
 Heap Min Capacity: 100M
 Heap Initial Capacity: 100M
 Heap Max Capacity: 2G
 Pre-touch: Disabled
 Parallel Workers: 13
Heap:
 PSYoungGen      total 1536K, used 774K [0x00000000d5580000, 0x00000000d5880000, 0x0000000100000000)
  eden space 1024K, 44% used [0x00000000d5580000,0x00000000d55f1bf0,0x00000000d5680000)
  from space 512K, 62% used [0x00000000d5800000,0x00000000d5850000,0x00000000d5880000)
  to   space 512K, 0% used [0x00000000d5780000,0x00000000d5780000,0x00000000d5800000)
 ParOldGen       total 802816K, used 802718K [0x0000000080000000, 0x00000000b1000000, 0x00000000d5580000)
  object space 802816K, 99% used [0x0000000080000000,0x00000000b0fe7a60,0x00000000b1000000)
 Metaspace       used 78364K, committed 80000K, reserved 1179648K
  class space    used 7885K, committed 8640K, reserved 1048576K
GC Heap History (20 events):
Event: 304.866 GC heap before
{Heap before GC invocations=2812 (full 4):
 PSYoungGen      total 1536K, used 1488K [0x00000000d5580000, 0x00000000d5800000, 0x0000000100000000)
  eden space 1024K, 100% used [0x00000000d5580000,0x00000000d5680000,0x00000000d5680000)
  from space 512K, 90% used [0x00000000d5700000,0x00000000d5774030,0x00000000d5780000)
  to   space 512K, 0% used [0x00000000d5780000,0x00000000d5780000,0x00000000d5800000)
 ParOldGen       total 798720K, used 798678K [0x0000000080000000, 0x00000000b0c00000, 0x00000000d5580000)
  object space 798720K, 99% used [0x0000000080000000,0x00000000b0bf58e0,0x00000000b0c00000)
 Metaspace       used 78262K, committed 79872K, reserved 1179648K
  class space    used 7873K, committed 8576K, reserved 1048576K
}
Event: 304.869 GC heap after
{Heap after GC invocations=2812 (full 4):
 PSYoungGen      total 1536K, used 304K [0x00000000d5580000, 0x00000000d5800000, 0x0000000100000000)
  eden space 1024K, 0% used [0x00000000d5580000,0x00000000d5580000,0x00000000d5680000)
  from space 512K, 59% used [0x00000000d5780000,0x00000000d57cc010,0x00000000d5800000)
  to   space 512K, 0% used [0x00000000d5700000,0x00000000d5700000,0x00000000d5780000)
 ParOldGen       total 799232K, used 798910K [0x0000000080000000, 0x00000000b0c80000, 0x00000000d5580000)
  object space 799232K, 99% used [0x0000000080000000,0x00000000b0c2f940,0x00000000b0c80000)
 Metaspace       used 78262K, committed 79872K, reserved 1179648K
  class space    used 7873K, committed 8576K, reserved 1048576K
}
Event: 304.875 GC heap before
{Heap before GC invocations=2813 (full 4):
 PSYoungGen      total 1536K, used 1328K [0x00000000d5580000, 0x00000000d5800000, 0x0000000100000000)
  eden space 1024K, 100% used [0x00000000d5580000,0x00000000d5680000,0x00000000d5680000)
  from space 512K, 59% used [0x00000000d5780000,0x00000000d57cc010,0x00000000d5800000)
  to   space 512K, 0% used [0x00000000d5700000,0x00000000d5700000,0x00000000d5780000)
 ParOldGen       total 799232K, used 798910K [0x0000000080000000, 0x00000000b0c80000, 0x00000000d5580000)
  object space 799232K, 99% used [0x0000000080000000,0x00000000b0c2f940,0x00000000b0c80000)
 Metaspace       used 78262K, committed 79872K, reserved 1179648K
  class space    used 7873K, committed 8576K, reserved 1048576K
}
Event: 304.877 GC heap after
{Heap after GC invocations=2813 (full 4):
 PSYoungGen      total 1536K, used 256K [0x00000000d5580000, 0x00000000d5800000, 0x0000000100000000)
  eden space 1024K, 0% used [0x00000000d5580000,0x00000000d5580000,0x00000000d5680000)
  from space 512K, 50% used [0x00000000d5700000,0x00000000d5740000,0x00000000d5780000)
  to   space 512K, 0% used [0x00000000d5780000,0x00000000d5780000,0x00000000d5800000)
 ParOldGen       total 799232K, used 799046K [0x0000000080000000, 0x00000000b0c80000, 0x00000000d5580000)
  object space 799232K, 99% used [0x0000000080000000,0x00000000b0c51970,0x00000000b0c80000)
 Metaspace       used 78262K, committed 79872K, reserved 1179648K
  class space    used 7873K, committed 8576K, reserved 1048576K
}
Event: 304.881 GC heap before
{Heap before GC invocations=2814 (full 4):
 PSYoungGen      total 1536K, used 1280K [0x00000000d5580000, 0x00000000d5800000, 0x0000000100000000)
  eden space 1024K, 100% used [0x00000000d5580000,0x00000000d5680000,0x00000000d5680000)
  from space 512K, 50% used [0x00000000d5700000,0x00000000d5740000,0x00000000d5780000)
  to   space 512K, 0% used [0x00000000d5780000,0x00000000d5780000,0x00000000d5800000)
 ParOldGen       total 799232K, used 799046K [0x0000000080000000, 0x00000000b0c80000, 0x00000000d5580000)
  object space 799232K, 99% used [0x0000000080000000,0x00000000b0c51970,0x00000000b0c80000)
 Metaspace       used 78262K, committed 79872K, reserved 1179648K
  class space    used 7873K, committed 8576K, reserved 1048576K
}
Event: 304.883 GC heap after
{Heap after GC invocations=2814 (full 4):
 PSYoungGen      total 1536K, used 288K [0x00000000d5580000, 0x00000000d5800000, 0x0000000100000000)
  eden space 1024K, 0% used [0x00000000d5580000,0x00000000d5580000,0x00000000d5680000)
  from space 512K, 56% used [0x00000000d5780000,0x00000000d57c8020,0x00000000d5800000)
  to   space 512K, 0% used [0x00000000d5700000,0x00000000d5700000,0x00000000d5780000)
 ParOldGen       total 799232K, used 799110K [0x0000000080000000, 0x00000000b0c80000, 0x00000000d5580000)
  object space 799232K, 99% used [0x0000000080000000,0x00000000b0c61970,0x00000000b0c80000)
 Metaspace       used 78262K, committed 79872K, reserved 1179648K
  class space    used 7873K, committed 8576K, reserved 1048576K
}
Event: 304.988 GC heap before
{Heap before GC invocations=2815 (full 4):
 PSYoungGen      total 1536K, used 1311K [0x00000000d5580000, 0x00000000d5800000, 0x0000000100000000)
  eden space 1024K, 99% used [0x00000000d5580000,0x00000000d567ffb8,0x00000000d5680000)
  from space 512K, 56% used [0x00000000d5780000,0x00000000d57c8020,0x00000000d5800000)
  to   space 512K, 0% used [0x00000000d5700000,0x00000000d5700000,0x00000000d5780000)
 ParOldGen       total 799232K, used 799110K [0x0000000080000000, 0x00000000b0c80000, 0x00000000d5580000)
  object space 799232K, 99% used [0x0000000080000000,0x00000000b0c61970,0x00000000b0c80000)
 Metaspace       used 78262K, committed 79872K, reserved 1179648K
  class space    used 7873K, committed 8576K, reserved 1048576K
}
Event: 304.992 GC heap after
{Heap after GC invocations=2815 (full 4):
 PSYoungGen      total 1536K, used 505K [0x00000000d5580000, 0x00000000d5980000, 0x0000000100000000)
  eden space 1024K, 0% used [0x00000000d5580000,0x00000000d5580000,0x00000000d5680000)
  from space 512K, 98% used [0x00000000d5700000,0x00000000d577e7c8,0x00000000d5780000)
  to   space 1536K, 0% used [0x00000000d5800000,0x00000000d5800000,0x00000000d5980000)
 ParOldGen       total 799744K, used 799538K [0x0000000080000000, 0x00000000b0d00000, 0x00000000d5580000)
  object space 799744K, 99% used [0x0000000080000000,0x00000000b0ccc9e8,0x00000000b0d00000)
 Metaspace       used 78262K, committed 79872K, reserved 1179648K
  class space    used 7873K, committed 8576K, reserved 1048576K
}
Event: 305.067 GC heap before
{Heap before GC invocations=2816 (full 4):
 PSYoungGen      total 1536K, used 1502K [0x00000000d5580000, 0x00000000d5980000, 0x0000000100000000)
  eden space 1024K, 97% used [0x00000000d5580000,0x00000000d5679180,0x00000000d5680000)
  from space 512K, 98% used [0x00000000d5700000,0x00000000d577e7c8,0x00000000d5780000)
  to   space 1536K, 0% used [0x00000000d5800000,0x00000000d5800000,0x00000000d5980000)
 ParOldGen       total 799744K, used 799538K [0x0000000080000000, 0x00000000b0d00000, 0x00000000d5580000)
  object space 799744K, 99% used [0x0000000080000000,0x00000000b0ccc9e8,0x00000000b0d00000)
 Metaspace       used 78262K, committed 79872K, reserved 1179648K
  class space    used 7873K, committed 8576K, reserved 1048576K
}
Event: 305.070 GC heap after
{Heap after GC invocations=2816 (full 4):
 PSYoungGen      total 2560K, used 1086K [0x00000000d5580000, 0x00000000d5980000, 0x0000000100000000)
  eden space 1024K, 0% used [0x00000000d5580000,0x00000000d5580000,0x00000000d5680000)
  from space 1536K, 70% used [0x00000000d5800000,0x00000000d590fb80,0x00000000d5980000)
  to   space 1536K, 0% used [0x00000000d5680000,0x00000000d5680000,0x00000000d5800000)
 ParOldGen       total 800256K, used 799932K [0x0000000080000000, 0x00000000b0d80000, 0x00000000d5580000)
  object space 800256K, 99% used [0x0000000080000000,0x00000000b0d2f338,0x00000000b0d80000)
 Metaspace       used 78262K, committed 79872K, reserved 1179648K
  class space    used 7873K, committed 8576K, reserved 1048576K
}
Event: 305.136 GC heap before
{Heap before GC invocations=2817 (full 4):
 PSYoungGen      total 2560K, used 2110K [0x00000000d5580000, 0x00000000d5980000, 0x0000000100000000)
  eden space 1024K, 100% used [0x00000000d5580000,0x00000000d5680000,0x00000000d5680000)
  from space 1536K, 70% used [0x00000000d5800000,0x00000000d590fb80,0x00000000d5980000)
  to   space 1536K, 0% used [0x00000000d5680000,0x00000000d5680000,0x00000000d5800000)
 ParOldGen       total 800256K, used 799932K [0x0000000080000000, 0x00000000b0d80000, 0x00000000d5580000)
  object space 800256K, 99% used [0x0000000080000000,0x00000000b0d2f338,0x00000000b0d80000)
 Metaspace       used 78262K, committed 79872K, reserved 1179648K
  class space    used 7873K, committed 8576K, reserved 1048576K
}
Event: 305.140 GC heap after
{Heap after GC invocations=2817 (full 4):
 PSYoungGen      total 2560K, used 1019K [0x00000000d5580000, 0x00000000d5980000, 0x0000000100000000)
  eden space 1024K, 0% used [0x00000000d5580000,0x00000000d5580000,0x00000000d5680000)
  from space 1536K, 66% used [0x00000000d5680000,0x00000000d577ee70,0x00000000d5800000)
  to   space 1536K, 0% used [0x00000000d5800000,0x00000000d5800000,0x00000000d5980000)
 ParOldGen       total 801280K, used 800899K [0x0000000080000000, 0x00000000b0e80000, 0x00000000d5580000)
  object space 801280K, 99% used [0x0000000080000000,0x00000000b0e20ed8,0x00000000b0e80000)
 Metaspace       used 78262K, committed 79872K, reserved 1179648K
  class space    used 7873K, committed 8576K, reserved 1048576K
}
Event: 305.158 GC heap before
{Heap before GC invocations=2818 (full 4):
 PSYoungGen      total 2560K, used 2043K [0x00000000d5580000, 0x00000000d5980000, 0x0000000100000000)
  eden space 1024K, 100% used [0x00000000d5580000,0x00000000d5680000,0x00000000d5680000)
  from space 1536K, 66% used [0x00000000d5680000,0x00000000d577ee70,0x00000000d5800000)
  to   space 1536K, 0% used [0x00000000d5800000,0x00000000d5800000,0x00000000d5980000)
 ParOldGen       total 801280K, used 800899K [0x0000000080000000, 0x00000000b0e80000, 0x00000000d5580000)
  object space 801280K, 99% used [0x0000000080000000,0x00000000b0e20ed8,0x00000000b0e80000)
 Metaspace       used 78262K, committed 79872K, reserved 1179648K
  class space    used 7873K, committed 8576K, reserved 1048576K
}
Event: 305.162 GC heap after
{Heap after GC invocations=2818 (full 4):
 PSYoungGen      total 1536K, used 448K [0x00000000d5580000, 0x00000000d5880000, 0x0000000100000000)
  eden space 1024K, 0% used [0x00000000d5580000,0x00000000d5580000,0x00000000d5680000)
  from space 512K, 87% used [0x00000000d5800000,0x00000000d5870000,0x00000000d5880000)
  to   space 1024K, 0% used [0x00000000d5680000,0x00000000d5680000,0x00000000d5780000)
 ParOldGen       total 801792K, used 801734K [0x0000000080000000, 0x00000000b0f00000, 0x00000000d5580000)
  object space 801792K, 99% used [0x0000000080000000,0x00000000b0ef1ad0,0x00000000b0f00000)
 Metaspace       used 78262K, committed 79872K, reserved 1179648K
  class space    used 7873K, committed 8576K, reserved 1048576K
}
Event: 305.332 GC heap before
{Heap before GC invocations=2819 (full 4):
 PSYoungGen      total 1536K, used 1472K [0x00000000d5580000, 0x00000000d5880000, 0x0000000100000000)
  eden space 1024K, 100% used [0x00000000d5580000,0x00000000d5680000,0x00000000d5680000)
  from space 512K, 87% used [0x00000000d5800000,0x00000000d5870000,0x00000000d5880000)
  to   space 1024K, 0% used [0x00000000d5680000,0x00000000d5680000,0x00000000d5780000)
 ParOldGen       total 801792K, used 801734K [0x0000000080000000, 0x00000000b0f00000, 0x00000000d5580000)
  object space 801792K, 99% used [0x0000000080000000,0x00000000b0ef1ad0,0x00000000b0f00000)
 Metaspace       used 78262K, committed 79872K, reserved 1179648K
  class space    used 7873K, committed 8576K, reserved 1048576K
}
Event: 305.335 GC heap after
{Heap after GC invocations=2819 (full 4):
 PSYoungGen      total 2048K, used 480K [0x00000000d5580000, 0x00000000d5880000, 0x0000000100000000)
  eden space 1024K, 0% used [0x00000000d5580000,0x00000000d5580000,0x00000000d5680000)
  from space 1024K, 46% used [0x00000000d5680000,0x00000000d56f8000,0x00000000d5780000)
  to   space 512K, 0% used [0x00000000d5800000,0x00000000d5800000,0x00000000d5880000)
 ParOldGen       total 802304K, used 801990K [0x0000000080000000, 0x00000000b0f80000, 0x00000000d5580000)
  object space 802304K, 99% used [0x0000000080000000,0x00000000b0f31ad0,0x00000000b0f80000)
 Metaspace       used 78262K, committed 79872K, reserved 1179648K
  class space    used 7873K, committed 8576K, reserved 1048576K
}
Event: 305.379 GC heap before
{Heap before GC invocations=2820 (full 4):
 PSYoungGen      total 2048K, used 1504K [0x00000000d5580000, 0x00000000d5880000, 0x0000000100000000)
  eden space 1024K, 100% used [0x00000000d5580000,0x00000000d5680000,0x00000000d5680000)
  from space 1024K, 46% used [0x00000000d5680000,0x00000000d56f8000,0x00000000d5780000)
  to   space 512K, 0% used [0x00000000d5800000,0x00000000d5800000,0x00000000d5880000)
 ParOldGen       total 802304K, used 801990K [0x0000000080000000, 0x00000000b0f80000, 0x00000000d5580000)
  object space 802304K, 99% used [0x0000000080000000,0x00000000b0f31ad0,0x00000000b0f80000)
 Metaspace       used 78262K, committed 79872K, reserved 1179648K
  class space    used 7873K, committed 8576K, reserved 1048576K
}
Event: 305.382 GC heap after
{Heap after GC invocations=2820 (full 4):
 PSYoungGen      total 1536K, used 480K [0x00000000d5580000, 0x00000000d5880000, 0x0000000100000000)
  eden space 1024K, 0% used [0x00000000d5580000,0x00000000d5580000,0x00000000d5680000)
  from space 512K, 93% used [0x00000000d5800000,0x00000000d5878020,0x00000000d5880000)
  to   space 512K, 0% used [0x00000000d5780000,0x00000000d5780000,0x00000000d5800000)
 ParOldGen       total 802304K, used 802174K [0x0000000080000000, 0x00000000b0f80000, 0x00000000d5580000)
  object space 802304K, 99% used [0x0000000080000000,0x00000000b0f5fad0,0x00000000b0f80000)
 Metaspace       used 78262K, committed 79872K, reserved 1179648K
  class space    used 7873K, committed 8576K, reserved 1048576K
}
Event: 305.485 GC heap before
{Heap before GC invocations=2821 (full 4):
 PSYoungGen      total 1536K, used 1502K [0x00000000d5580000, 0x00000000d5880000, 0x0000000100000000)
  eden space 1024K, 99% used [0x00000000d5580000,0x00000000d567faa0,0x00000000d5680000)
  from space 512K, 93% used [0x00000000d5800000,0x00000000d5878020,0x00000000d5880000)
  to   space 512K, 0% used [0x00000000d5780000,0x00000000d5780000,0x00000000d5800000)
 ParOldGen       total 802304K, used 802174K [0x0000000080000000, 0x00000000b0f80000, 0x00000000d5580000)
  object space 802304K, 99% used [0x0000000080000000,0x00000000b0f5fad0,0x00000000b0f80000)
 Metaspace       used 78281K, committed 79936K, reserved 1179648K
  class space    used 7877K, committed 8640K, reserved 1048576K
}
Event: 305.488 GC heap after
{Heap after GC invocations=2821 (full 4):
 PSYoungGen      total 1536K, used 352K [0x00000000d5580000, 0x00000000d5880000, 0x0000000100000000)
  eden space 1024K, 0% used [0x00000000d5580000,0x00000000d5580000,0x00000000d5680000)
  from space 512K, 68% used [0x00000000d5780000,0x00000000d57d8000,0x00000000d5800000)
  to   space 512K, 0% used [0x00000000d5800000,0x00000000d5800000,0x00000000d5880000)
 ParOldGen       total 802816K, used 802422K [0x0000000080000000, 0x00000000b1000000, 0x00000000d5580000)
  object space 802816K, 99% used [0x0000000080000000,0x00000000b0f9da90,0x00000000b1000000)
 Metaspace       used 78281K, committed 79936K, reserved 1179648K
  class space    used 7877K, committed 8640K, reserved 1048576K
}

